  [4;36;1mSQL (0.0ms)[0m   [0;1mSET NAMES 'utf8'[0m
  [4;35;1mSQL (0.0ms)[0m   [0mSET SQL_AUTO_IS_NULL=0[0m
  [4;36;1mSQL (0.0ms)[0m   [0;1mSHOW TABLES[0m
  [4;35;1mSQL (125.0ms)[0m   [0mCREATE TABLE `schema_migrations` (`version` varchar(255) NOT NULL) ENGINE=InnoDB[0m
  [4;36;1mSQL (156.0ms)[0m   [0;1mCREATE UNIQUE INDEX `unique_schema_migrations` ON `schema_migrations` (`version`)[0m
  [4;35;1mSQL (0.0ms)[0m   [0mSHOW TABLES[0m
  [4;36;1mSQL (0.0ms)[0m   [0;1mSELECT version FROM schema_migrations[0m
Migrating to CreateUsers (20090514103108)
  [4;35;1mSQL (62.0ms)[0m   [0mCREATE TABLE `users` (`id` int(11) DEFAULT NULL auto_increment PRIMARY KEY, `name` varchar(255), `mail_address` varchar(255), `mobile_id` varchar(255), `simple_login_flg` tinyint(1), `hashed_password` varchar(255), `salt` varchar(255), `activate_key` varchar(255), `activate_flg` tinyint(1), `delete_flg` tinyint(1), `created_at` datetime, `updated_at` datetime, `deleted_at` datetime) ENGINE=InnoDB[0m
  [4;36;1mSQL (15.0ms)[0m   [0;1mINSERT INTO schema_migrations (version) VALUES ('20090514103108')[0m
Migrating to CreateParchees (20090514103142)
  [4;35;1mSQL (62.0ms)[0m   [0mCREATE TABLE `parchees` (`id` int(11) DEFAULT NULL auto_increment PRIMARY KEY, `user_id` int(11), `title` varchar(255), `content` text, `date` datetime, `right_now_flg` tinyint(1), `user_latitude` int(11), `user_longitude` int(11), `delete_flg` tinyint(1), `created_at` datetime, `updated_at` datetime, `deleted_at` datetime) ENGINE=InnoDB[0m
  [4;36;1mSQL (15.0ms)[0m   [0;1mINSERT INTO schema_migrations (version) VALUES ('20090514103142')[0m
Migrating to CreateFriends (20090514103209)
  [4;35;1mSQL (63.0ms)[0m   [0mCREATE TABLE `friends` (`id` int(11) DEFAULT NULL auto_increment PRIMARY KEY, `user_id` int(11), `friend_id` int(11), `progress_flg` tinyint(1), `created_at` datetime, `updated_at` datetime) ENGINE=InnoDB[0m
  [4;36;1mSQL (32.0ms)[0m   [0;1mINSERT INTO schema_migrations (version) VALUES ('20090514103209')[0m
Migrating to CreateMembers (20090514103232)
  [4;35;1mSQL (78.0ms)[0m   [0mCREATE TABLE `members` (`id` int(11) DEFAULT NULL auto_increment PRIMARY KEY, `parchee_id` int(11), `user_id` int(11), `attendance_flg` tinyint(1), `message` varchar(255), `created_at` datetime, `updated_at` datetime) ENGINE=InnoDB[0m
  [4;36;1mSQL (16.0ms)[0m   [0;1mINSERT INTO schema_migrations (version) VALUES ('20090514103232')[0m
  [4;35;1mSQL (0.0ms)[0m   [0mSHOW TABLES[0m
  [4;36;1mSQL (0.0ms)[0m   [0;1mSELECT version FROM schema_migrations[0m
  [4;35;1mSQL (15.0ms)[0m   [0mSHOW TABLES[0m
  [4;36;1mSQL (0.0ms)[0m   [0;1mSHOW FIELDS FROM `friends`[0m
  [4;35;1mSQL (0.0ms)[0m   [0mdescribe `friends`[0m
  [4;36;1mSQL (0.0ms)[0m   [0;1mSHOW KEYS FROM `friends`[0m
  [4;35;1mSQL (0.0ms)[0m   [0mSHOW FIELDS FROM `members`[0m
  [4;36;1mSQL (0.0ms)[0m   [0;1mdescribe `members`[0m
  [4;35;1mSQL (0.0ms)[0m   [0mSHOW KEYS FROM `members`[0m
  [4;36;1mSQL (16.0ms)[0m   [0;1mSHOW FIELDS FROM `parchees`[0m
  [4;35;1mSQL (0.0ms)[0m   [0mdescribe `parchees`[0m
  [4;36;1mSQL (0.0ms)[0m   [0;1mSHOW KEYS FROM `parchees`[0m
  [4;35;1mSQL (0.0ms)[0m   [0mSHOW FIELDS FROM `users`[0m
  [4;36;1mSQL (0.0ms)[0m   [0;1mdescribe `users`[0m
  [4;35;1mSQL (0.0ms)[0m   [0mSHOW KEYS FROM `users`[0m
  [4;36;1mSQL (0.0ms)[0m   [0;1mSET NAMES 'utf8'[0m
  [4;35;1mSQL (0.0ms)[0m   [0mSET SQL_AUTO_IS_NULL=0[0m
  [4;36;1mSQL (16.0ms)[0m   [0;1mSHOW TABLES[0m
  [4;35;1mSQL (109.0ms)[0m   [0mCREATE TABLE `schema_migrations` (`version` varchar(255) NOT NULL) ENGINE=InnoDB[0m
  [4;36;1mSQL (234.0ms)[0m   [0;1mCREATE UNIQUE INDEX `unique_schema_migrations` ON `schema_migrations` (`version`)[0m
  [4;35;1mSQL (0.0ms)[0m   [0mSHOW TABLES[0m
  [4;36;1mSQL (0.0ms)[0m   [0;1mSELECT version FROM schema_migrations[0m
Migrating to CreateUsers (20090514103108)
  [4;35;1mSQL (78.0ms)[0m   [0mCREATE TABLE `users` (`id` int(11) DEFAULT NULL auto_increment PRIMARY KEY, `name` varchar(255), `mail_address` varchar(255), `mobile_id` varchar(255), `simple_login_flg` tinyint(1), `hashed_password` varchar(255), `salt` varchar(255), `activate_key` varchar(255), `activate_flg` tinyint(1), `delete_flg` tinyint(1), `created_at` datetime, `updated_at` datetime, `deleted_at` datetime) ENGINE=InnoDB[0m
  [4;36;1mSQL (15.0ms)[0m   [0;1mINSERT INTO schema_migrations (version) VALUES ('20090514103108')[0m
Migrating to CreateParchees (20090514103142)
  [4;35;1mSQL (47.0ms)[0m   [0mCREATE TABLE `parchees` (`id` int(11) DEFAULT NULL auto_increment PRIMARY KEY, `user_id` int(11), `title` varchar(255), `content` text, `date` datetime, `right_now_flg` tinyint(1), `user_latitude` int(11), `user_longitude` int(11), `delete_flg` tinyint(1), `created_at` datetime, `updated_at` datetime, `deleted_at` datetime) ENGINE=InnoDB[0m
  [4;36;1mSQL (16.0ms)[0m   [0;1mINSERT INTO schema_migrations (version) VALUES ('20090514103142')[0m
Migrating to CreateFriends (20090514103209)
  [4;35;1mSQL (78.0ms)[0m   [0mCREATE TABLE `friends` (`id` int(11) DEFAULT NULL auto_increment PRIMARY KEY, `user_id` int(11), `friend_id` int(11), `progress_flg` tinyint(1), `created_at` datetime, `updated_at` datetime) ENGINE=InnoDB[0m
  [4;36;1mSQL (31.0ms)[0m   [0;1mINSERT INTO schema_migrations (version) VALUES ('20090514103209')[0m
Migrating to CreateMembers (20090514103232)
  [4;35;1mSQL (78.0ms)[0m   [0mCREATE TABLE `members` (`id` int(11) DEFAULT NULL auto_increment PRIMARY KEY, `parchee_id` int(11), `user_id` int(11), `attendance_flg` tinyint(1), `message` varchar(255), `created_at` datetime, `updated_at` datetime) ENGINE=InnoDB[0m
  [4;36;1mSQL (31.0ms)[0m   [0;1mINSERT INTO schema_migrations (version) VALUES ('20090514103232')[0m
  [4;35;1mSQL (0.0ms)[0m   [0mSHOW TABLES[0m
  [4;36;1mSQL (0.0ms)[0m   [0;1mSELECT version FROM schema_migrations[0m
  [4;35;1mSQL (0.0ms)[0m   [0mSHOW TABLES[0m
  [4;36;1mSQL (0.0ms)[0m   [0;1mSHOW FIELDS FROM `friends`[0m
  [4;35;1mSQL (16.0ms)[0m   [0mdescribe `friends`[0m
  [4;36;1mSQL (0.0ms)[0m   [0;1mSHOW KEYS FROM `friends`[0m
  [4;35;1mSQL (0.0ms)[0m   [0mSHOW FIELDS FROM `members`[0m
  [4;36;1mSQL (0.0ms)[0m   [0;1mdescribe `members`[0m
  [4;35;1mSQL (0.0ms)[0m   [0mSHOW KEYS FROM `members`[0m
  [4;36;1mSQL (0.0ms)[0m   [0;1mSHOW FIELDS FROM `parchees`[0m
  [4;35;1mSQL (0.0ms)[0m   [0mdescribe `parchees`[0m
  [4;36;1mSQL (16.0ms)[0m   [0;1mSHOW KEYS FROM `parchees`[0m
  [4;35;1mSQL (0.0ms)[0m   [0mSHOW FIELDS FROM `users`[0m
  [4;36;1mSQL (15.0ms)[0m   [0;1mdescribe `users`[0m
  [4;35;1mSQL (0.0ms)[0m   [0mSHOW KEYS FROM `users`[0m
